<?xml version="1.0" encoding="UTF-8"?>
<testsuites name="Jest Tests" tests="6" failures="0" errors="0" time="0.787">
  <testsuite name="dist\__tests__\sample.test.js" errors="0" failures="0" skipped="0" timestamp="2025-03-19T21:02:59" time="0.605" tests="6">
    <testcase classname="AuthService with Firebase Mock" name="should sign up a user and register them" time="0.005">
    </testcase>
    <testcase classname="AuthService with Firebase Mock" name="should log in a user and return the token" time="0.001">
    </testcase>
    <testcase classname="AuthService with Firebase Mock" name="should guest login and return a token" time="0.002">
    </testcase>
    <testcase classname="AuthService with Firebase Mock" name="should verify a valid token" time="0.001">
    </testcase>
    <testcase classname="AuthService with Firebase Mock" name="should return false when verifying an empty token" time="0.001">
    </testcase>
    <testcase classname="AuthService with Firebase Mock" name="should return the display name for a dummy token" time="0.001">
    </testcase>
  </testsuite>
</testsuites>